2020-12-17 04:30:17.746  INFO 99244 --- [restartedMain] c.e.SportyShoes.SportyShoesApplication   : Starting SportyShoesApplication using Java 15 on LIN35006601 with PID 99244 (D:\SpringBoot\SportyShoes\target\classes started by rubirada in D:\SpringBoot\SportyShoes)
2020-12-17 04:30:17.747  INFO 99244 --- [restartedMain] c.e.SportyShoes.SportyShoesApplication   : No active profile set, falling back to default profiles: default
2020-12-17 04:30:17.940  INFO 99244 --- [restartedMain] .s.d.r.c.RepositoryConfigurationDelegate : Bootstrapping Spring Data JPA repositories in DEFAULT mode.
2020-12-17 04:30:17.961  INFO 99244 --- [restartedMain] .s.d.r.c.RepositoryConfigurationDelegate : Finished Spring Data repository scanning in 19 ms. Found 4 JPA repository interfaces.
2020-12-17 04:30:18.101  INFO 99244 --- [restartedMain] o.s.b.w.embedded.tomcat.TomcatWebServer  : Tomcat initialized with port(s): 8081 (http)
2020-12-17 04:30:18.101  INFO 99244 --- [restartedMain] o.apache.catalina.core.StandardService   : Starting service [Tomcat]
2020-12-17 04:30:18.102  INFO 99244 --- [restartedMain] org.apache.catalina.core.StandardEngine  : Starting Servlet engine: [Apache Tomcat/9.0.41]
2020-12-17 04:30:18.345  INFO 99244 --- [restartedMain] org.apache.jasper.servlet.TldScanner     : At least one JAR was scanned for TLDs yet contained no TLDs. Enable debug logging for this logger for a complete list of JARs that were scanned but no TLDs were found in them. Skipping unneeded JARs during scanning can improve startup time and JSP compilation time.
2020-12-17 04:30:18.350  INFO 99244 --- [restartedMain] o.a.c.c.C.[Tomcat].[localhost].[/]       : Initializing Spring embedded WebApplicationContext
2020-12-17 04:30:18.351  INFO 99244 --- [restartedMain] w.s.c.ServletWebServerApplicationContext : Root WebApplicationContext: initialization completed in 600 ms
2020-12-17 04:30:18.367  WARN 99244 --- [restartedMain] o.a.c.c.C.[Tomcat].[localhost].[/]       : Cannot deserialize session attribute [cart_items] for session [1A4FB426754E6DF42238CF4651BE0A9F]
2020-12-17 04:30:18.401  INFO 99244 --- [restartedMain] com.zaxxer.hikari.HikariDataSource       : HikariPool-2 - Starting...
2020-12-17 04:30:18.431  INFO 99244 --- [restartedMain] com.zaxxer.hikari.HikariDataSource       : HikariPool-2 - Start completed.
2020-12-17 04:30:18.437  INFO 99244 --- [restartedMain] o.hibernate.jpa.internal.util.LogHelper  : HHH000204: Processing PersistenceUnitInfo [name: default]
2020-12-17 04:30:18.443  INFO 99244 --- [restartedMain] org.hibernate.dialect.Dialect            : HHH000400: Using dialect: org.hibernate.dialect.MySQLDialect
2020-12-17 04:30:18.509  INFO 99244 --- [restartedMain] o.h.e.t.j.p.i.JtaPlatformInitiator       : HHH000490: Using JtaPlatform implementation: [org.hibernate.engine.transaction.jta.platform.internal.NoJtaPlatform]
2020-12-17 04:30:18.510  INFO 99244 --- [restartedMain] j.LocalContainerEntityManagerFactoryBean : Initialized JPA EntityManagerFactory for persistence unit 'default'
2020-12-17 04:30:18.693  WARN 99244 --- [restartedMain] JpaBaseConfiguration$JpaWebConfiguration : spring.jpa.open-in-view is enabled by default. Therefore, database queries may be performed during view rendering. Explicitly configure spring.jpa.open-in-view to disable this warning
2020-12-17 04:30:18.775  INFO 99244 --- [restartedMain] o.s.s.concurrent.ThreadPoolTaskExecutor  : Initializing ExecutorService 'applicationTaskExecutor'
2020-12-17 04:30:18.836  INFO 99244 --- [restartedMain] o.s.b.a.w.s.WelcomePageHandlerMapping    : Adding welcome page template: index
2020-12-17 04:30:18.913  INFO 99244 --- [restartedMain] o.s.b.d.a.OptionalLiveReloadServer       : LiveReload server is running on port 35729
2020-12-17 04:30:18.938  INFO 99244 --- [restartedMain] o.s.b.w.embedded.tomcat.TomcatWebServer  : Tomcat started on port(s): 8081 (http) with context path ''
2020-12-17 04:30:18.947  INFO 99244 --- [restartedMain] c.e.SportyShoes.SportyShoesApplication   : Started SportyShoesApplication in 1.265 seconds (JVM running for 142.673)
2020-12-17 04:30:18.952  INFO 99244 --- [restartedMain] .ConditionEvaluationDeltaLoggingListener : Condition evaluation unchanged
2020-12-17 04:30:57.768  INFO 99244 --- [http-nio-8081-exec-1] o.a.c.c.C.[Tomcat].[localhost].[/]       : Initializing Spring DispatcherServlet 'dispatcherServlet'
2020-12-17 04:30:57.768  INFO 99244 --- [http-nio-8081-exec-1] o.s.web.servlet.DispatcherServlet        : Initializing Servlet 'dispatcherServlet'
2020-12-17 04:30:57.769  INFO 99244 --- [http-nio-8081-exec-1] o.s.web.servlet.DispatcherServlet        : Completed initialization in 1 ms
2020-12-17 04:31:05.032  INFO 99244 --- [http-nio-8081-exec-4] c.e.S.controllers.CartController         : logging from CartController cart method
2020-12-17 04:31:33.907  INFO 99244 --- [Thread-8] o.s.s.concurrent.ThreadPoolTaskExecutor  : Shutting down ExecutorService 'applicationTaskExecutor'
2020-12-17 04:31:33.911  INFO 99244 --- [Thread-8] j.LocalContainerEntityManagerFactoryBean : Closing JPA EntityManagerFactory for persistence unit 'default'
2020-12-17 04:31:33.912  INFO 99244 --- [Thread-8] com.zaxxer.hikari.HikariDataSource       : HikariPool-2 - Shutdown initiated...
2020-12-17 04:31:33.931  INFO 99244 --- [Thread-8] com.zaxxer.hikari.HikariDataSource       : HikariPool-2 - Shutdown completed.
