2020-12-25 00:17:33.554  INFO 4956 --- [http-nio-8080-exec-9] c.e.S.controllers.CartController         : logging from CartController cart method
2020-12-25 00:17:37.855  INFO 4956 --- [http-nio-8080-exec-1] c.e.S.controllers.CartController         : user session is active hence adding to cart
2020-12-25 00:17:37.870  INFO 4956 --- [http-nio-8080-exec-2] c.e.S.controllers.CartController         : logging from CartController cart method
2020-12-25 00:17:41.546  INFO 4956 --- [http-nio-8080-exec-4] c.e.S.controllers.CartController         : logging from CartController cart method
2020-12-25 00:21:10.315  INFO 4956 --- [http-nio-8080-exec-3] c.e.S.controllers.CartController         : logging from CartController cart method
2020-12-25 00:31:12.010  INFO 4956 --- [RMI TCP Connection(47)-127.0.0.1] inMXBeanRegistrar$SpringApplicationAdmin : Application shutdown requested.
2020-12-25 00:31:12.042  INFO 4956 --- [RMI TCP Connection(47)-127.0.0.1] o.s.s.concurrent.ThreadPoolTaskExecutor  : Shutting down ExecutorService 'applicationTaskExecutor'
2020-12-25 00:31:12.044  INFO 4956 --- [RMI TCP Connection(47)-127.0.0.1] j.LocalContainerEntityManagerFactoryBean : Closing JPA EntityManagerFactory for persistence unit 'default'
2020-12-25 00:31:12.045  INFO 4956 --- [RMI TCP Connection(47)-127.0.0.1] com.zaxxer.hikari.HikariDataSource       : HikariPool-2 - Shutdown initiated...
2020-12-25 00:31:12.060  INFO 4956 --- [RMI TCP Connection(47)-127.0.0.1] com.zaxxer.hikari.HikariDataSource       : HikariPool-2 - Shutdown completed.
2020-12-25 22:42:22.457  INFO 99924 --- [restartedMain] c.e.SportyShoes.SportyShoesApplication   : Starting SportyShoesApplication using Java 15 on LIN35006601 with PID 99924 (D:\SpringBoot\SportyShoes\target\classes started by rubirada in D:\SpringBoot\SportyShoes)
2020-12-25 22:42:22.460  INFO 99924 --- [restartedMain] c.e.SportyShoes.SportyShoesApplication   : No active profile set, falling back to default profiles: default
2020-12-25 22:42:22.508  INFO 99924 --- [restartedMain] .e.DevToolsPropertyDefaultsPostProcessor : Devtools property defaults active! Set 'spring.devtools.add-properties' to 'false' to disable
2020-12-25 22:42:22.509  INFO 99924 --- [restartedMain] .e.DevToolsPropertyDefaultsPostProcessor : For additional web related logging consider setting the 'logging.level.web' property to 'DEBUG'
2020-12-25 22:42:23.128  INFO 99924 --- [restartedMain] .s.d.r.c.RepositoryConfigurationDelegate : Bootstrapping Spring Data JPA repositories in DEFAULT mode.
2020-12-25 22:42:23.200  INFO 99924 --- [restartedMain] .s.d.r.c.RepositoryConfigurationDelegate : Finished Spring Data repository scanning in 64 ms. Found 6 JPA repository interfaces.
2020-12-25 22:42:23.712  INFO 99924 --- [restartedMain] o.s.b.w.embedded.tomcat.TomcatWebServer  : Tomcat initialized with port(s): 8080 (http)
2020-12-25 22:42:23.723  INFO 99924 --- [restartedMain] o.apache.catalina.core.StandardService   : Starting service [Tomcat]
2020-12-25 22:42:23.723  INFO 99924 --- [restartedMain] org.apache.catalina.core.StandardEngine  : Starting Servlet engine: [Apache Tomcat/9.0.41]
2020-12-25 22:42:23.998  INFO 99924 --- [restartedMain] org.apache.jasper.servlet.TldScanner     : At least one JAR was scanned for TLDs yet contained no TLDs. Enable debug logging for this logger for a complete list of JARs that were scanned but no TLDs were found in them. Skipping unneeded JARs during scanning can improve startup time and JSP compilation time.
2020-12-25 22:42:24.006  INFO 99924 --- [restartedMain] o.a.c.c.C.[Tomcat].[localhost].[/]       : Initializing Spring embedded WebApplicationContext
2020-12-25 22:42:24.006  INFO 99924 --- [restartedMain] w.s.c.ServletWebServerApplicationContext : Root WebApplicationContext: initialization completed in 1497 ms
2020-12-25 22:42:24.045  WARN 99924 --- [restartedMain] o.a.c.c.C.[Tomcat].[localhost].[/]       : Cannot deserialize session attribute [cart_items] for session [0CD7480DB49D5178EC3F2012E4F4F861]
2020-12-25 22:42:24.230  INFO 99924 --- [restartedMain] o.hibernate.jpa.internal.util.LogHelper  : HHH000204: Processing PersistenceUnitInfo [name: default]
2020-12-25 22:42:24.313  INFO 99924 --- [restartedMain] org.hibernate.Version                    : HHH000412: Hibernate ORM core version 5.4.25.Final
2020-12-25 22:42:24.502  INFO 99924 --- [restartedMain] o.hibernate.annotations.common.Version   : HCANN000001: Hibernate Commons Annotations {5.1.2.Final}
2020-12-25 22:42:24.652  INFO 99924 --- [restartedMain] com.zaxxer.hikari.HikariDataSource       : HikariPool-1 - Starting...
2020-12-25 22:42:25.034  INFO 99924 --- [restartedMain] com.zaxxer.hikari.HikariDataSource       : HikariPool-1 - Start completed.
2020-12-25 22:42:25.053  INFO 99924 --- [restartedMain] org.hibernate.dialect.Dialect            : HHH000400: Using dialect: org.hibernate.dialect.MySQL5Dialect
2020-12-25 22:42:25.858  INFO 99924 --- [restartedMain] o.h.e.t.j.p.i.JtaPlatformInitiator       : HHH000490: Using JtaPlatform implementation: [org.hibernate.engine.transaction.jta.platform.internal.NoJtaPlatform]
2020-12-25 22:42:25.867  INFO 99924 --- [restartedMain] j.LocalContainerEntityManagerFactoryBean : Initialized JPA EntityManagerFactory for persistence unit 'default'
2020-12-25 22:42:25.895  INFO 99924 --- [restartedMain] o.s.b.d.a.OptionalLiveReloadServer       : LiveReload server is running on port 35729
2020-12-25 22:42:26.364  WARN 99924 --- [restartedMain] JpaBaseConfiguration$JpaWebConfiguration : spring.jpa.open-in-view is enabled by default. Therefore, database queries may be performed during view rendering. Explicitly configure spring.jpa.open-in-view to disable this warning
2020-12-25 22:42:26.458  INFO 99924 --- [restartedMain] o.s.s.concurrent.ThreadPoolTaskExecutor  : Initializing ExecutorService 'applicationTaskExecutor'
2020-12-25 22:42:26.553  INFO 99924 --- [restartedMain] o.s.b.a.w.s.WelcomePageHandlerMapping    : Adding welcome page template: index
2020-12-25 22:42:26.715  INFO 99924 --- [restartedMain] o.s.b.w.embedded.tomcat.TomcatWebServer  : Tomcat started on port(s): 8080 (http) with context path ''
2020-12-25 22:42:26.722  INFO 99924 --- [restartedMain] c.e.SportyShoes.SportyShoesApplication   : Started SportyShoesApplication in 14.628 seconds (JVM running for 15.873)
2020-12-25 22:43:06.305  INFO 99924 --- [http-nio-8080-exec-1] o.a.c.c.C.[Tomcat].[localhost].[/]       : Initializing Spring DispatcherServlet 'dispatcherServlet'
2020-12-25 22:43:06.305  INFO 99924 --- [http-nio-8080-exec-1] o.s.web.servlet.DispatcherServlet        : Initializing Servlet 'dispatcherServlet'
2020-12-25 22:43:06.307  INFO 99924 --- [http-nio-8080-exec-1] o.s.web.servlet.DispatcherServlet        : Completed initialization in 1 ms
2020-12-25 22:59:34.256  WARN 99924 --- [http-nio-8080-exec-4] c.e.S.controllers.CartController         : there is no user session so returnin gto login page
2020-12-25 22:59:34.276  INFO 99924 --- [http-nio-8080-exec-5] c.e.S.controllers.CartController         : logging from CartController cart method
2020-12-25 23:00:02.828  INFO 99924 --- [http-nio-8080-exec-1] c.e.S.controllers.CartController         : logging from CartController cart method
